<?xml version="1.0" encoding="UTF-8"?>
<testng-results ignored="0" total="2" passed="2" failed="0" skipped="0">
  <reporter-output>
  </reporter-output>
  <suite started-at="2022-02-17T20:43:22 IST" name="Default suite" finished-at="2022-02-17T20:43:26 IST" duration-ms="4234">
    <groups>
    </groups>
    <test started-at="2022-02-17T20:43:22 IST" name="Default test" finished-at="2022-02-17T20:43:26 IST" duration-ms="4234">
      <class name="org.Tests">
        <test-method is-config="true" signature="startApp()[pri:0, instance:org.Tests@1bd4fdd]" started-at="2022-02-17T20:43:09 IST" name="startApp" finished-at="2022-02-17T20:43:22 IST" duration-ms="12751" status="PASS">
          <reporter-output>
          </reporter-output>
        </test-method> <!-- startApp -->
        <test-method signature="tests()[pri:1, instance:org.Tests@1bd4fdd]" started-at="2022-02-17T20:43:22 IST" name="tests" finished-at="2022-02-17T20:43:24 IST" duration-ms="2018" status="PASS">
          <reporter-output>
          </reporter-output>
        </test-method> <!-- tests -->
        <test-method signature="googleInput()[pri:2, instance:org.Tests@1bd4fdd]" started-at="2022-02-17T20:43:24 IST" name="googleInput" finished-at="2022-02-17T20:43:26 IST" duration-ms="2179" status="PASS">
          <reporter-output>
          </reporter-output>
        </test-method> <!-- googleInput -->
        <test-method is-config="true" signature="tearDown()[pri:0, instance:org.Tests@1bd4fdd]" started-at="2022-02-17T20:43:26 IST" name="tearDown" finished-at="2022-02-17T20:43:28 IST" duration-ms="1473" status="PASS">
          <reporter-output>
          </reporter-output>
        </test-method> <!-- tearDown -->
      </class> <!-- org.Tests -->
    </test> <!-- Default test -->
  </suite> <!-- Default suite -->
</testng-results>
